build/app/intermediates/manifest_merge_blame_file/debug/manifest-merger-blame-debug-report.txt
1<?xml version="1.0" encoding="utf-8"?>
2<manifest xmlns:android="http://schemas.android.com/apk/res/android"
3    package="com.example.tugas_akhir"
4    android:versionCode="1"
5    android:versionName="1.0.0" >
6
7    <uses-sdk
8        android:minSdkVersion="20"
9        android:targetSdkVersion="31" />
10    <!--
11         The INTERNET permission is required for development. Specifically,
12         the Flutter tool needs it to communicate with the running application
13         to allow setting breakpoints, to provide hot reload, etc.
14    -->
15    <uses-permission android:name="android.permission.INTERNET" />
15-->src\debug\AndroidManifest.xml:7:5-66
15-->src\debug\AndroidManifest.xml:7:22-64
16    <uses-permission android:name="android.permission.ACCESS_FINE_LOCATION" />
16-->src\main\AndroidManifest.xml:4:5-79
16-->src\main\AndroidManifest.xml:4:22-76
17    <uses-permission android:name="android.permission.ACCESS_COARSE_LOCATION" />
17-->src\main\AndroidManifest.xml:5:5-81
17-->src\main\AndroidManifest.xml:5:22-78
18    <uses-permission android:name="android.permission.ACCESS_BACKGROUND_LOCATION" />
18-->src\main\AndroidManifest.xml:6:5-85
18-->src\main\AndroidManifest.xml:6:22-82
19    <uses-permission android:name="android.permission.FOREGROUND_SERVICE" />
19-->[:geolocator_android] AndroidManifest.xml:9:5-77
19-->[:geolocator_android] AndroidManifest.xml:9:22-74
20    <uses-permission android:name="android.permission.ACCESS_NETWORK_STATE" />
20-->[com.google.firebase:firebase-auth:21.1.0] AndroidManifest.xml:24:5-79
20-->[com.google.firebase:firebase-auth:21.1.0] AndroidManifest.xml:24:22-76
21
22    <application
23        android:name="android.app.Application"
24        android:appComponentFactory="androidx.core.app.CoreComponentFactory"
24-->[androidx.core:core:1.8.0] AndroidManifest.xml:24:18-86
25        android:debuggable="true"
26        android:icon="@mipmap/ic_launcher"
27        android:label="tugas_akhir" >
28        <activity
29            android:name="com.example.tugas_akhir.MainActivity"
30            android:configChanges="orientation|keyboardHidden|keyboard|screenSize|smallestScreenSize|locale|layoutDirection|fontScale|screenLayout|density|uiMode"
31            android:exported="true"
32            android:hardwareAccelerated="true"
33            android:launchMode="singleTop"
34            android:theme="@style/LaunchTheme"
35            android:windowSoftInputMode="adjustResize" >
36
37            <!--
38                 Specifies an Android theme to apply to this Activity as soon as
39                 the Android process has started. This theme is visible to the user
40                 while the Flutter UI initializes. After that, this theme continues
41                 to determine the Window background behind the Flutter UI.
42            -->
43            <meta-data
44                android:name="io.flutter.embedding.android.NormalTheme"
45                android:resource="@style/NormalTheme" />
46
47            <intent-filter>
48                <action android:name="android.intent.action.MAIN" />
49
50                <category android:name="android.intent.category.LAUNCHER" />
51            </intent-filter>
52        </activity>
53        <!--
54             Don't delete the meta-data below.
55             This is used by the Flutter tool to generate GeneratedPluginRegistrant.java
56        -->
57        <meta-data
58            android:name="flutterEmbedding"
59            android:value="2" />
60
61        <service
61-->[:firebase_auth] AndroidManifest.xml:10:9-14:19
62            android:name="com.google.firebase.components.ComponentDiscoveryService"
62-->[:firebase_auth] AndroidManifest.xml:10:18-89
63            android:directBootAware="true"
63-->[com.google.firebase:firebase-common:20.2.0] AndroidManifest.xml:34:13-43
64            android:exported="false" >
64-->[com.google.firebase:firebase-auth:21.1.0] AndroidManifest.xml:66:13-37
65            <meta-data
65-->[:firebase_auth] AndroidManifest.xml:11:13-13:85
66                android:name="com.google.firebase.components:io.flutter.plugins.firebase.auth.FlutterFirebaseAuthRegistrar"
66-->[:firebase_auth] AndroidManifest.xml:12:17-124
67                android:value="com.google.firebase.components.ComponentRegistrar" />
67-->[:firebase_auth] AndroidManifest.xml:13:17-82
68            <meta-data
68-->[:firebase_database] AndroidManifest.xml:11:13-13:85
69                android:name="com.google.firebase.components:io.flutter.plugins.firebase.database.FlutterFirebaseAppRegistrar"
69-->[:firebase_database] AndroidManifest.xml:12:17-127
70                android:value="com.google.firebase.components.ComponentRegistrar" />
70-->[:firebase_database] AndroidManifest.xml:13:17-82
71            <meta-data
71-->[:firebase_core] AndroidManifest.xml:11:13-13:85
72                android:name="com.google.firebase.components:io.flutter.plugins.firebase.core.FlutterFirebaseCoreRegistrar"
72-->[:firebase_core] AndroidManifest.xml:12:17-124
73                android:value="com.google.firebase.components.ComponentRegistrar" />
73-->[:firebase_core] AndroidManifest.xml:13:17-82
74            <meta-data
74-->[com.google.firebase:firebase-auth:21.1.0] AndroidManifest.xml:67:13-69:85
75                android:name="com.google.firebase.components:com.google.firebase.auth.FirebaseAuthRegistrar"
75-->[com.google.firebase:firebase-auth:21.1.0] AndroidManifest.xml:68:17-109
76                android:value="com.google.firebase.components.ComponentRegistrar" />
76-->[com.google.firebase:firebase-auth:21.1.0] AndroidManifest.xml:69:17-82
77            <meta-data
77-->[com.google.firebase:firebase-database:20.1.0] AndroidManifest.xml:31:13-33:85
78                android:name="com.google.firebase.components:com.google.firebase.database.DatabaseRegistrar"
78-->[com.google.firebase:firebase-database:20.1.0] AndroidManifest.xml:32:17-109
79                android:value="com.google.firebase.components.ComponentRegistrar" />
79-->[com.google.firebase:firebase-database:20.1.0] AndroidManifest.xml:33:17-82
80        </service>
81        <service
81-->[:geolocator_android] AndroidManifest.xml:12:9-16:56
82            android:name="com.baseflow.geolocator.GeolocatorLocationService"
82-->[:geolocator_android] AndroidManifest.xml:13:13-77
83            android:enabled="true"
83-->[:geolocator_android] AndroidManifest.xml:14:13-35
84            android:exported="false"
84-->[:geolocator_android] AndroidManifest.xml:15:13-37
85            android:foregroundServiceType="location" />
85-->[:geolocator_android] AndroidManifest.xml:16:13-53
86
87        <activity
87-->[:url_launcher_android] AndroidManifest.xml:10:9-13:74
88            android:name="io.flutter.plugins.urllauncher.WebViewActivity"
88-->[:url_launcher_android] AndroidManifest.xml:11:13-74
89            android:exported="false"
89-->[:url_launcher_android] AndroidManifest.xml:12:13-37
90            android:theme="@android:style/Theme.NoTitleBar.Fullscreen" />
90-->[:url_launcher_android] AndroidManifest.xml:13:13-71
91
92        <uses-library
92-->[androidx.window:window:1.0.0-beta04] AndroidManifest.xml:25:9-27:40
93            android:name="androidx.window.extensions"
93-->[androidx.window:window:1.0.0-beta04] AndroidManifest.xml:26:13-54
94            android:required="false" />
94-->[androidx.window:window:1.0.0-beta04] AndroidManifest.xml:27:13-37
95        <uses-library
95-->[androidx.window:window:1.0.0-beta04] AndroidManifest.xml:28:9-30:40
96            android:name="androidx.window.sidecar"
96-->[androidx.window:window:1.0.0-beta04] AndroidManifest.xml:29:13-51
97            android:required="false" />
97-->[androidx.window:window:1.0.0-beta04] AndroidManifest.xml:30:13-37
98
99        <activity
99-->[com.google.firebase:firebase-auth:21.1.0] AndroidManifest.xml:27:9-44:20
100            android:name="com.google.firebase.auth.internal.GenericIdpActivity"
100-->[com.google.firebase:firebase-auth:21.1.0] AndroidManifest.xml:28:13-80
101            android:excludeFromRecents="true"
101-->[com.google.firebase:firebase-auth:21.1.0] AndroidManifest.xml:29:13-46
102            android:exported="true"
102-->[com.google.firebase:firebase-auth:21.1.0] AndroidManifest.xml:30:13-36
103            android:launchMode="singleTask"
103-->[com.google.firebase:firebase-auth:21.1.0] AndroidManifest.xml:31:13-44
104            android:theme="@android:style/Theme.Translucent.NoTitleBar" >
104-->[com.google.firebase:firebase-auth:21.1.0] AndroidManifest.xml:32:13-72
105            <intent-filter>
105-->[com.google.firebase:firebase-auth:21.1.0] AndroidManifest.xml:33:13-43:29
106                <action android:name="android.intent.action.VIEW" />
106-->[com.google.firebase:firebase-auth:21.1.0] AndroidManifest.xml:34:17-69
106-->[com.google.firebase:firebase-auth:21.1.0] AndroidManifest.xml:34:25-66
107
108                <category android:name="android.intent.category.DEFAULT" />
108-->[com.google.firebase:firebase-auth:21.1.0] AndroidManifest.xml:36:17-76
108-->[com.google.firebase:firebase-auth:21.1.0] AndroidManifest.xml:36:27-73
109                <category android:name="android.intent.category.BROWSABLE" />
109-->[com.google.firebase:firebase-auth:21.1.0] AndroidManifest.xml:37:17-78
109-->[com.google.firebase:firebase-auth:21.1.0] AndroidManifest.xml:37:27-75
110
111                <data
111-->[com.google.firebase:firebase-auth:21.1.0] AndroidManifest.xml:39:17-42:51
112                    android:host="firebase.auth"
112-->[com.google.firebase:firebase-auth:21.1.0] AndroidManifest.xml:40:21-49
113                    android:path="/"
113-->[com.google.firebase:firebase-auth:21.1.0] AndroidManifest.xml:41:21-37
114                    android:scheme="genericidp" />
114-->[com.google.firebase:firebase-auth:21.1.0] AndroidManifest.xml:42:21-48
115            </intent-filter>
116        </activity>
117        <activity
117-->[com.google.firebase:firebase-auth:21.1.0] AndroidManifest.xml:45:9-62:20
118            android:name="com.google.firebase.auth.internal.RecaptchaActivity"
118-->[com.google.firebase:firebase-auth:21.1.0] AndroidManifest.xml:46:13-79
119            android:excludeFromRecents="true"
119-->[com.google.firebase:firebase-auth:21.1.0] AndroidManifest.xml:47:13-46
120            android:exported="true"
120-->[com.google.firebase:firebase-auth:21.1.0] AndroidManifest.xml:48:13-36
121            android:launchMode="singleTask"
121-->[com.google.firebase:firebase-auth:21.1.0] AndroidManifest.xml:49:13-44
122            android:theme="@android:style/Theme.Translucent.NoTitleBar" >
122-->[com.google.firebase:firebase-auth:21.1.0] AndroidManifest.xml:50:13-72
123            <intent-filter>
123-->[com.google.firebase:firebase-auth:21.1.0] AndroidManifest.xml:51:13-61:29
124                <action android:name="android.intent.action.VIEW" />
124-->[com.google.firebase:firebase-auth:21.1.0] AndroidManifest.xml:34:17-69
124-->[com.google.firebase:firebase-auth:21.1.0] AndroidManifest.xml:34:25-66
125
126                <category android:name="android.intent.category.DEFAULT" />
126-->[com.google.firebase:firebase-auth:21.1.0] AndroidManifest.xml:36:17-76
126-->[com.google.firebase:firebase-auth:21.1.0] AndroidManifest.xml:36:27-73
127                <category android:name="android.intent.category.BROWSABLE" />
127-->[com.google.firebase:firebase-auth:21.1.0] AndroidManifest.xml:37:17-78
127-->[com.google.firebase:firebase-auth:21.1.0] AndroidManifest.xml:37:27-75
128
129                <data
129-->[com.google.firebase:firebase-auth:21.1.0] AndroidManifest.xml:39:17-42:51
130                    android:host="firebase.auth"
130-->[com.google.firebase:firebase-auth:21.1.0] AndroidManifest.xml:40:21-49
131                    android:path="/"
131-->[com.google.firebase:firebase-auth:21.1.0] AndroidManifest.xml:41:21-37
132                    android:scheme="recaptcha" />
132-->[com.google.firebase:firebase-auth:21.1.0] AndroidManifest.xml:42:21-48
133            </intent-filter>
134        </activity>
135
136        <provider
136-->[com.google.firebase:firebase-common:20.2.0] AndroidManifest.xml:25:9-30:39
137            android:name="com.google.firebase.provider.FirebaseInitProvider"
137-->[com.google.firebase:firebase-common:20.2.0] AndroidManifest.xml:26:13-77
138            android:authorities="com.example.tugas_akhir.firebaseinitprovider"
138-->[com.google.firebase:firebase-common:20.2.0] AndroidManifest.xml:27:13-72
139            android:directBootAware="true"
139-->[com.google.firebase:firebase-common:20.2.0] AndroidManifest.xml:28:13-43
140            android:exported="false"
140-->[com.google.firebase:firebase-common:20.2.0] AndroidManifest.xml:29:13-37
141            android:initOrder="100" />
141-->[com.google.firebase:firebase-common:20.2.0] AndroidManifest.xml:30:13-36
142
143        <activity
143-->[com.google.android.gms:play-services-base:18.0.1] AndroidManifest.xml:20:9-22:45
144            android:name="com.google.android.gms.common.api.GoogleApiActivity"
144-->[com.google.android.gms:play-services-base:18.0.1] AndroidManifest.xml:20:19-85
145            android:exported="false"
145-->[com.google.android.gms:play-services-base:18.0.1] AndroidManifest.xml:22:19-43
146            android:theme="@android:style/Theme.Translucent.NoTitleBar" />
146-->[com.google.android.gms:play-services-base:18.0.1] AndroidManifest.xml:21:19-78
147
148        <meta-data
148-->[com.google.android.gms:play-services-basement:18.1.0] AndroidManifest.xml:21:9-23:69
149            android:name="com.google.android.gms.version"
149-->[com.google.android.gms:play-services-basement:18.1.0] AndroidManifest.xml:22:13-58
150            android:value="@integer/google_play_services_version" />
150-->[com.google.android.gms:play-services-basement:18.1.0] AndroidManifest.xml:23:13-66
151    </application>
152
153</manifest>